<?xml version="1.0" encoding="UTF-8"?>
<testng-results ignored="0" total="1" passed="1" failed="0" skipped="0">
  <reporter-output>
  </reporter-output>
  <suite started-at="2019-02-28T03:48:53Z" name="Testes-Separados" finished-at="2019-02-28T03:50:05Z" duration-ms="72240">
    <groups>
    </groups>
    <test started-at="2019-02-28T03:48:53Z" name="Pesquisa Google" finished-at="2019-02-28T03:50:05Z" duration-ms="72240">
      <class name="testes.GoogleTestExemplo">
        <test-method signature="pesquisaGoogle()[pri:0, instance:testes.GoogleTestExemplo@aba625]" started-at="2019-02-28T03:48:53Z" name="pesquisaGoogle" finished-at="2019-02-28T03:49:59Z" duration-ms="66203" status="PASS">
          <reporter-output>
          </reporter-output>
        </test-method> <!-- pesquisaGoogle -->
      </class> <!-- testes.GoogleTestExemplo -->
    </test> <!-- Pesquisa Google -->
  </suite> <!-- Testes-Separados -->
</testng-results>
